-------------------------------------------------------------------------------
Test set: com.bp.webapi.DemoApplicationTests
-------------------------------------------------------------------------------
Tests run: 1, Failures: 0, Errors: 1, Skipped: 0, Time elapsed: 0.515 s <<< FAILURE! - in com.bp.webapi.DemoApplicationTests
initializationError(com.bp.webapi.DemoApplicationTests)  Time elapsed: 0.001 s  <<< ERROR!
java.lang.IllegalStateException: Unable to find a @SpringBootConfiguration, you need to use @ContextConfiguration or @SpringBootTest(classes=...) with your test

